2020-04-03 21:09:51: Done normally
Message: no such element: Unable to locate element: {"method":"css selector","selector":"[title='Next page']"}
  (Session info: headless chrome=80.0.3987.162)
  (Driver info: chromedriver=2.42.591071 (0b695ff80972cc1a65a5cd643186d2ae582cd4ac),platform=Linux 4.15.0-52-generic x86_64)

2020-04-03 21:17:14: Done normally
2020-04-03 21:22:05: Done normally
2020-04-03 21:27:08: Done normally
2020-04-03 21:34:05: Done normally
2020-04-03 21:38:55: Done normally
2020-04-03 21:43:43: Done normally
2020-04-03 21:48:32: Done normally
2020-04-03 21:53:21: Done normally
2020-04-03 22:00:29: Done normally
2020-04-03 22:05:17: Done normally
2020-04-03 22:12:18: Done normally
2020-04-03 22:19:16: Done normally
2020-04-03 22:26:27: Done normally
2020-04-03 22:31:17: Done normally
2020-04-03 22:36:05: Done normally
2020-04-03 22:40:54: Done normally
2020-04-03 22:45:50: Done normally
2020-04-03 22:51:32: Done normally
2020-04-03 22:56:30: Done normally
2020-04-03 23:01:48: Done normally
2020-04-03 23:07:00: Done normally
2020-04-03 23:12:28: Done normally
2020-04-03 23:17:49: Done normally
2020-04-03 23:20:54: Done normally
2020-04-03 23:25:57: Done normally
2020-04-03 23:32:49: Done normally
2020-04-03 23:37:40: Done normally
2020-04-03 23:42:28: Done normally
2020-04-03 23:47:31: Done normally
2020-04-03 23:54:29: Done normally
2020-04-03 23:59:34: Done normally
2020-04-04 00:04:23: Done normally
2020-04-04 00:11:16: Done normally
2020-04-04 00:16:08: Done normally
2020-04-04 00:20:57: Done normally
2020-04-04 00:25:45: Done normally
2020-04-04 00:30:34: Done normally
2020-04-04 00:35:24: Done normally
2020-04-04 00:38:48: Done normally
2020-04-04 00:41:44: Done normally
2020-04-04 00:46:48: Done normally
2020-04-04 00:51:39: Done normally
2020-04-04 00:56:32: Done normally
2020-04-04 00:59:22: Done normally
2020-04-04 01:02:38: Done normally
Message: timeout
  (Session info: headless chrome=80.0.3987.162)
  (Driver info: chromedriver=2.42.591071 (0b695ff80972cc1a65a5cd643186d2ae582cd4ac),platform=Linux 4.15.0-52-generic x86_64)

2020-04-04 01:13:28: Done normally
2020-04-04 01:18:17: Done normally
2020-04-04 01:25:15: Done normally
2020-04-04 01:30:07: Done normally
2020-04-04 01:35:03: Done normally
2020-04-04 01:39:58: Done normally
2020-04-04 01:44:46: Done normally
2020-04-04 01:49:39: Done normally
2020-04-04 01:54:30: Done normally
2020-04-04 01:59:21: Done normally
2020-04-04 02:04:13: Done normally
2020-04-04 02:09:02: Done normally
2020-04-04 02:13:59: Done normally
2020-04-04 02:18:58: Done normally
2020-04-04 02:23:51: Done normally
2020-04-04 02:28:47: Done normally
2020-04-04 02:33:35: Done normally
2020-04-04 02:38:32: Done normally
2020-04-04 02:43:20: Done normally
2020-04-04 02:48:07: Done normally
2020-04-04 02:52:54: Done normally
2020-04-04 02:57:51: Done normally
2020-04-04 03:00:44: Done normally
2020-04-04 03:05:35: Done normally
2020-04-04 03:10:22: Done normally
2020-04-04 03:15:19: Done normally
2020-04-04 03:20:20: Done normally
2020-04-04 03:25:08: Done normally
2020-04-04 03:29:54: Done normally
2020-04-04 03:34:40: Done normally
2020-04-04 03:39:27: Done normally
2020-04-04 03:46:16: Done normally
2020-04-04 03:51:14: Done normally
2020-04-04 03:58:00: Done normally
2020-04-04 04:02:46: Done normally
2020-04-04 04:07:33: Done normally
2020-04-04 04:12:20: Done normally
2020-04-04 04:17:06: Done normally
2020-04-04 04:21:53: Done normally
2020-04-04 04:26:50: Done normally
2020-04-04 04:31:37: Done normally
2020-04-04 04:36:31: Done normally
2020-04-04 04:41:18: Done normally
2020-04-04 04:46:11: Done normally
2020-04-04 04:50:58: Done normally
2020-04-04 04:55:53: Done normally
2020-04-04 05:00:39: Done normally
2020-04-04 05:05:28: Done normally
2020-04-04 05:10:15: Done normally
2020-04-04 05:15:00: Done normally
2020-04-04 05:19:46: Done normally
2020-04-04 05:24:37: Done normally
2020-04-04 05:29:24: Done normally
2020-04-04 05:34:11: Done normally
2020-04-04 05:38:58: Done normally
2020-04-04 05:43:44: Done normally
2020-04-04 05:48:39: Done normally
2020-04-04 05:53:24: Done normally
2020-04-04 05:58:10: Done normally
2020-04-04 06:04:55: Done normally
2020-04-04 06:09:41: Done normally
2020-04-04 06:14:29: Done normally
2020-04-04 06:19:18: Done normally
2020-04-04 06:24:03: Done normally
2020-04-04 06:28:49: Done normally
2020-04-04 06:35:35: Done normally
2020-04-04 06:40:22: Done normally
2020-04-04 06:47:05: Done normally
2020-04-04 06:51:54: Done normally
2020-04-04 06:56:43: Done normally
2020-04-04 07:01:31: Done normally
2020-04-04 07:04:17: Done normally
2020-04-04 07:09:14: Done normally
2020-04-04 07:12:08: Done normally
2020-04-04 07:17:03: Done normally
2020-04-04 07:22:00: Done normally
2020-04-04 07:26:47: Done normally
2020-04-04 07:31:42: Done normally
2020-04-04 07:36:28: Done normally
2020-04-04 07:43:15: Done normally
2020-04-04 07:48:03: Done normally
2020-04-04 07:54:48: Done normally
2020-04-04 07:59:45: Done normally
2020-04-04 08:02:40: Done normally
2020-04-04 08:05:29: Done normally
2020-04-04 08:10:16: Done normally
2020-04-04 08:15:03: Done normally
2020-04-04 08:19:56: Done normally
2020-04-04 08:24:53: Done normally
2020-04-04 08:29:51: Done normally
2020-04-04 08:32:45: Done normally
2020-04-04 08:39:35: Done normally
2020-04-04 08:46:28: Done normally
2020-04-04 08:51:22: Done normally
2020-04-04 08:58:11: Done normally
2020-04-04 09:05:03: Done normally
2020-04-04 09:11:52: Done normally
2020-04-04 09:16:46: Done normally
2020-04-04 09:21:35: Done normally
2020-04-04 09:26:25: Done normally
2020-04-04 09:31:21: Done normally
2020-04-04 09:36:11: Done normally
2020-04-04 09:39:01: Done normally
2020-04-04 09:45:53: Done normally
2020-04-04 09:50:47: Done normally
2020-04-04 09:57:49: Done normally
2020-04-04 10:00:41: Done normally
2020-04-04 10:03:39: Done normally
2020-04-04 10:08:28: Done normally
2020-04-04 10:13:18: Done normally
2020-04-04 10:16:25: Done normally
2020-04-04 10:21:14: Done normally
2020-04-04 10:26:08: Done normally
2020-04-04 10:30:58: Done normally
2020-04-04 10:35:49: Done normally
2020-04-04 10:40:46: Done normally
2020-04-04 10:45:36: Done normally
Message: timeout
  (Session info: headless chrome=80.0.3987.162)
  (Driver info: chromedriver=2.42.591071 (0b695ff80972cc1a65a5cd643186d2ae582cd4ac),platform=Linux 4.15.0-52-generic x86_64)

2020-04-04 10:56:33: Done normally
2020-04-04 11:01:21: Done normally
2020-04-04 11:06:10: Done normally
2020-04-04 11:10:58: Done normally
2020-04-04 11:15:49: Done normally
2020-04-04 11:19:06: Done normally
2020-04-04 11:24:09: Done normally
2020-04-04 11:28:58: Done normally
2020-04-04 11:34:11: Done normally
2020-04-04 11:39:08: Done normally
2020-04-04 11:43:56: Done normally
2020-04-04 11:48:46: Done normally
2020-04-04 11:53:37: Done normally
2020-04-04 11:58:25: Done normally
2020-04-04 12:05:25: Done normally
2020-04-04 12:12:22: Done normally
2020-04-04 12:17:11: Done normally
2020-04-04 12:22:00: Done normally
2020-04-04 12:26:49: Done normally
2020-04-04 12:31:35: Done normally
2020-04-04 12:38:26: Done normally
2020-04-04 12:45:23: Done normally
2020-04-04 12:52:15: Done normally
2020-04-04 12:57:05: Done normally
2020-04-04 12:59:56: Done normally
2020-04-04 13:04:51: Done normally
2020-04-04 13:09:39: Done normally
2020-04-04 13:14:36: Done normally
2020-04-04 13:19:25: Done normally
2020-04-04 13:24:18: Done normally
2020-04-04 13:29:07: Done normally
2020-04-04 13:33:55: Done normally
